[${project.name}][${env:SERVER_PORT}] 2020-11-17 10:59:53,867 INFO [main][:] - using logger: org.apache.dubbo.common.logger.slf4j.Slf4jLoggerAdapter
[${project.name}][${env:SERVER_PORT}] 2020-11-17 10:59:53,891 INFO [main][WelcomeLogoApplicationListener.java:63] - 

 :: Dubbo Spring Boot (v2.7.1) : https://github.com/apache/incubator-dubbo-spring-boot-project
 :: Dubbo (v2.7.3) : https://github.com/apache/incubator-dubbo
 :: Discuss group : dev@dubbo.apache.org

[${project.name}][${env:SERVER_PORT}] 2020-11-17 10:59:53,902 INFO [main][OverrideDubboConfigApplicationListener.java:68] - Dubbo Config was overridden by externalized configuration {dubbo.application.name=merchant-service, dubbo.application.qos-enable=false, dubbo.application.qos.port=22240, dubbo.config.multiple=true, dubbo.consumer.check=false, dubbo.consumer.retries=-1, dubbo.consumer.timeout=90000, dubbo.protocol.name=dubbo, dubbo.protocol.port=20890, dubbo.registry.address=nacos://127.0.0.1:8848, dubbo.scan.base-packages=com.shanjupay}
[${project.name}][${env:SERVER_PORT}] 2020-11-17 10:59:54,646 INFO [main][PostProcessorRegistrationDelegate.java:330] - Bean 'org.springframework.cloud.autoconfigure.ConfigurationPropertiesRebinderAutoConfiguration' of type [org.springframework.cloud.autoconfigure.ConfigurationPropertiesRebinderAutoConfiguration$$EnhancerBySpringCGLIB$$8b19e5c7] is not eligible for getting processed by all BeanPostProcessors (for example: not eligible for auto-proxying)
[${project.name}][${env:SERVER_PORT}] 2020-11-17 10:59:54,764 INFO [pool-3-thread-1][AwaitingNonWebApplicationListener.java:140] -  [Dubbo] Current Spring Boot Application is await...
[${project.name}][${env:SERVER_PORT}] 2020-11-17 10:59:55,302 INFO [main][OverrideDubboConfigApplicationListener.java:68] - Dubbo Config was overridden by externalized configuration {dubbo.application.name=merchant-service, dubbo.application.qos-enable=false, dubbo.application.qos.port=22240, dubbo.config.multiple=true, dubbo.consumer.check=false, dubbo.consumer.retries=-1, dubbo.consumer.timeout=90000, dubbo.protocol.name=dubbo, dubbo.protocol.port=20890, dubbo.registry.address=nacos://127.0.0.1:8848, dubbo.scan.base-packages=com.shanjupay}
[${project.name}][${env:SERVER_PORT}] 2020-11-17 10:59:56,277 INFO [main][NacosPropertySourceBuilder.java:87] - Loading nacos data, dataId: 'spring-boot-http.yaml', group: 'COMMON_GROUP'
[${project.name}][${env:SERVER_PORT}] 2020-11-17 10:59:56,295 INFO [main][NacosPropertySourceBuilder.java:87] - Loading nacos data, dataId: 'spring-boot-starter-druid.yaml', group: 'COMMON_GROUP'
[${project.name}][${env:SERVER_PORT}] 2020-11-17 10:59:56,342 INFO [main][NacosPropertySourceBuilder.java:87] - Loading nacos data, dataId: 'spring-boot-mybatis-plus.yaml', group: 'COMMON_GROUP'
[${project.name}][${env:SERVER_PORT}] 2020-11-17 10:59:56,358 INFO [main][NacosPropertySourceBuilder.java:87] - Loading nacos data, dataId: 'merchant-service.yaml', group: 'SHANJUPAY_GROUP'
[${project.name}][${env:SERVER_PORT}] 2020-11-17 10:59:56,362 INFO [main][PropertySourceBootstrapConfiguration.java:98] - Located property source: CompositePropertySource {name='NACOS', propertySources=[NacosPropertySource {name='merchant-service.yaml'}, NacosPropertySource {name='spring-boot-mybatis-plus.yaml'}, NacosPropertySource {name='spring-boot-starter-druid.yaml'}, NacosPropertySource {name='spring-boot-http.yaml'}]}
[${project.name}][${env:SERVER_PORT}] 2020-11-17 10:59:56,422 INFO [main][SpringApplication.java:675] - No active profile set, falling back to default profiles: default
[${project.name}][${env:SERVER_PORT}] 2020-11-17 10:59:58,082 WARN [main][EndpointId.java:135] - Endpoint ID 'nacos-config' contains invalid characters, please migrate to a valid format.
[${project.name}][${env:SERVER_PORT}] 2020-11-17 10:59:58,085 WARN [main][EndpointId.java:135] - Endpoint ID 'nacos-discovery' contains invalid characters, please migrate to a valid format.
[${project.name}][${env:SERVER_PORT}] 2020-11-17 10:59:58,128 INFO [main][DubboConfigBindingRegistrar.java:127] - The dubbo config bean definition [name : org.apache.dubbo.config.ApplicationConfig#0, class : org.apache.dubbo.config.ApplicationConfig] has been registered.
[${project.name}][${env:SERVER_PORT}] 2020-11-17 10:59:58,129 INFO [main][DubboConfigBindingRegistrar.java:151] - The BeanPostProcessor bean definition [org.apache.dubbo.config.spring.beans.factory.annotation.DubboConfigBindingBeanPostProcessor] for dubbo config bean [name : org.apache.dubbo.config.ApplicationConfig#0] has been registered.
[${project.name}][${env:SERVER_PORT}] 2020-11-17 10:59:58,130 INFO [main][DubboConfigBindingRegistrar.java:127] - The dubbo config bean definition [name : org.apache.dubbo.config.RegistryConfig#0, class : org.apache.dubbo.config.RegistryConfig] has been registered.
[${project.name}][${env:SERVER_PORT}] 2020-11-17 10:59:58,130 INFO [main][DubboConfigBindingRegistrar.java:151] - The BeanPostProcessor bean definition [org.apache.dubbo.config.spring.beans.factory.annotation.DubboConfigBindingBeanPostProcessor] for dubbo config bean [name : org.apache.dubbo.config.RegistryConfig#0] has been registered.
[${project.name}][${env:SERVER_PORT}] 2020-11-17 10:59:58,131 INFO [main][DubboConfigBindingRegistrar.java:127] - The dubbo config bean definition [name : org.apache.dubbo.config.ProtocolConfig#0, class : org.apache.dubbo.config.ProtocolConfig] has been registered.
[${project.name}][${env:SERVER_PORT}] 2020-11-17 10:59:58,132 INFO [main][DubboConfigBindingRegistrar.java:151] - The BeanPostProcessor bean definition [org.apache.dubbo.config.spring.beans.factory.annotation.DubboConfigBindingBeanPostProcessor] for dubbo config bean [name : org.apache.dubbo.config.ProtocolConfig#0] has been registered.
[${project.name}][${env:SERVER_PORT}] 2020-11-17 10:59:58,133 INFO [main][DubboConfigBindingRegistrar.java:127] - The dubbo config bean definition [name : org.apache.dubbo.config.ConsumerConfig#0, class : org.apache.dubbo.config.ConsumerConfig] has been registered.
[${project.name}][${env:SERVER_PORT}] 2020-11-17 10:59:58,133 INFO [main][DubboConfigBindingRegistrar.java:151] - The BeanPostProcessor bean definition [org.apache.dubbo.config.spring.beans.factory.annotation.DubboConfigBindingBeanPostProcessor] for dubbo config bean [name : org.apache.dubbo.config.ConsumerConfig#0] has been registered.
[${project.name}][${env:SERVER_PORT}] 2020-11-17 10:59:58,541 WARN [main][EndpointId.java:135] - Endpoint ID 'service-registry' contains invalid characters, please migrate to a valid format.
[${project.name}][${env:SERVER_PORT}] 2020-11-17 10:59:58,784 INFO [main][ServiceAnnotationBeanPostProcessor.java:204] -  [DUBBO] BeanNameGenerator bean can't be found in BeanFactory with name [org.springframework.context.annotation.internalConfigurationBeanNameGenerator], dubbo version: 2.7.3, current host: 100.68.93.13
[${project.name}][${env:SERVER_PORT}] 2020-11-17 10:59:58,785 INFO [main][ServiceAnnotationBeanPostProcessor.java:206] -  [DUBBO] BeanNameGenerator will be a instance of org.springframework.context.annotation.AnnotationBeanNameGenerator , it maybe a potential problem on bean name generation., dubbo version: 2.7.3, current host: 100.68.93.13
[${project.name}][${env:SERVER_PORT}] 2020-11-17 10:59:59,090 INFO [main][ServiceAnnotationBeanPostProcessor.java:284] -  [DUBBO] The BeanDefinition[Root bean: class [org.apache.dubbo.config.spring.ServiceBean]; scope=; abstract=false; lazyInit=false; autowireMode=0; dependencyCheck=0; autowireCandidate=true; primary=false; factoryBeanName=null; factoryMethodName=null; initMethodName=null; destroyMethodName=null] of ServiceBean has been registered with name : ServiceBean:com.shanjupay.merchant.api.MerchantService, dubbo version: 2.7.3, current host: 100.68.93.13
[${project.name}][${env:SERVER_PORT}] 2020-11-17 10:59:59,091 INFO [main][ServiceAnnotationBeanPostProcessor.java:161] -  [DUBBO] 1 annotated Dubbo's @Service Components { [Bean definition with name 'merchantServiceImpl': Generic bean: class [com.shanjupay.merchant.service.MerchantServiceImpl]; scope=; abstract=false; lazyInit=false; autowireMode=0; dependencyCheck=0; autowireCandidate=true; primary=false; factoryBeanName=null; factoryMethodName=null; initMethodName=null; destroyMethodName=null; defined in file [E:\2018\2020webrestaday\shanjupay\shanjupay-merchant\shanjupay-merchant-service\target\classes\com\shanjupay\merchant\service\MerchantServiceImpl.class]] } were scanned under package[com.shanjupay], dubbo version: 2.7.3, current host: 100.68.93.13
[${project.name}][${env:SERVER_PORT}] 2020-11-17 10:59:59,097 INFO [main][ConfigurationClassPostProcessor.java:380] - Cannot enhance @Configuration bean definition 'org.apache.dubbo.spring.boot.autoconfigure.DubboRelaxedBinding2AutoConfiguration' since its singleton instance has been created too early. The typical cause is a non-static @Bean method with a BeanDefinitionRegistryPostProcessor return type: Consider declaring such methods as 'static'.
[${project.name}][${env:SERVER_PORT}] 2020-11-17 10:59:59,098 INFO [main][ConfigurationClassPostProcessor.java:380] - Cannot enhance @Configuration bean definition 'org.apache.dubbo.spring.boot.autoconfigure.DubboAutoConfiguration' since its singleton instance has been created too early. The typical cause is a non-static @Bean method with a BeanDefinitionRegistryPostProcessor return type: Consider declaring such methods as 'static'.
[${project.name}][${env:SERVER_PORT}] 2020-11-17 10:59:59,400 INFO [main][GenericScope.java:294] - BeanFactory id=4ec005f5-fc7e-305d-8f51-b0898043d431
[${project.name}][${env:SERVER_PORT}] 2020-11-17 10:59:59,481 INFO [main][PostProcessorRegistrationDelegate.java:330] - Bean 'com.alibaba.druid.spring.boot.autoconfigure.stat.DruidSpringAopConfiguration' of type [com.alibaba.druid.spring.boot.autoconfigure.stat.DruidSpringAopConfiguration] is not eligible for getting processed by all BeanPostProcessors (for example: not eligible for auto-proxying)
[${project.name}][${env:SERVER_PORT}] 2020-11-17 10:59:59,754 INFO [main][PostProcessorRegistrationDelegate.java:330] - Bean 'org.springframework.transaction.annotation.ProxyTransactionManagementConfiguration' of type [org.springframework.transaction.annotation.ProxyTransactionManagementConfiguration$$EnhancerBySpringCGLIB$$6effe2ca] is not eligible for getting processed by all BeanPostProcessors (for example: not eligible for auto-proxying)
